<?xml version="1.0" encoding="UTF-8"?>
<!-- Generated by org.testng.reporters.JUnitXMLReporter -->
<testsuite ignored="4" hostname="GN-A-GULIVI-1L" failures="0" tests="1" name="Default test" time="2.352" errors="0" timestamp="08 Dec 2021 09:32:18 GMT">
  <testcase classname="basics.DeserializeSimpleJsonResponse" name="deserializeListOfMembersUsingTypeRef" time="1.532"/>
  <testcase classname="basics.DeserializeSimpleJsonResponse" name="deserializeSingleMemberUsingTypeRef" time="0.0">
    <ignored/>
  </testcase> <!-- deserializeSingleMemberUsingTypeRef -->
  <testcase classname="basics.DeserializeSimpleJsonResponse" name="deserializeSingleMember" time="0.0">
    <ignored/>
  </testcase> <!-- deserializeSingleMember -->
  <testcase classname="basics.DeserializeSimpleJsonResponse" name="deserializeSingleMemberNotFoundFailure" time="0.0">
    <ignored/>
  </testcase> <!-- deserializeSingleMemberNotFoundFailure -->
  <testcase classname="basics.DeserializeSimpleJsonResponse" name="deserializeListOfMembers" time="0.0">
    <ignored/>
  </testcase> <!-- deserializeListOfMembers -->
</testsuite> <!-- Default test -->
