<?xml version="1.0" encoding="UTF-8"?>
<!-- Generated by org.testng.reporters.JUnitXMLReporter -->
<testsuite ignored="7" hostname="GN-A-GULIVI-1L" failures="0" tests="1" name="Default test" time="2.227" errors="0" timestamp="29 Dec 2021 07:28:12 GMT">
  <testcase classname="basics.GroovyGPathExpression" name="chainGsonGpath" time="0.634"/>
  <testcase classname="basics.GroovyGPathExpression" name="paramGsonGpath" time="0.0">
    <ignored/>
  </testcase> <!-- paramGsonGpath -->
  <testcase classname="basics.GroovyGPathExpression" name="findAllGsonGpath" time="0.0">
    <ignored/>
  </testcase> <!-- findAllGsonGpath -->
  <testcase classname="basics.GroovyGPathExpression" name="minGsonGpath" time="0.0">
    <ignored/>
  </testcase> <!-- minGsonGpath -->
  <testcase classname="basics.GroovyGPathExpression" name="collectGsonGpath" time="0.0">
    <ignored/>
  </testcase> <!-- collectGsonGpath -->
  <testcase classname="basics.GroovyGPathExpression" name="sumGsonGpath" time="0.0">
    <ignored/>
  </testcase> <!-- sumGsonGpath -->
  <testcase classname="basics.GroovyGPathExpression" name="maxGsonGpath" time="0.0">
    <ignored/>
  </testcase> <!-- maxGsonGpath -->
  <testcase classname="basics.GroovyGPathExpression" name="findGsonGpath" time="0.0">
    <ignored/>
  </testcase> <!-- findGsonGpath -->
</testsuite> <!-- Default test -->
