<?xml version="1.0" encoding="UTF-8"?>
<testng-results ignored="3" total="4" passed="1" failed="0" skipped="0">
  <reporter-output>
  </reporter-output>
  <suite started-at="2021-11-30T11:46:16Z" name="Default suite" finished-at="2021-11-30T11:46:18Z" duration-ms="1676">
    <groups>
    </groups>
    <test started-at="2021-11-30T11:46:16Z" name="Default test" finished-at="2021-11-30T11:46:18Z" duration-ms="1676">
      <class name="basics.FileDownloadBasics">
        <test-method is-config="true" signature="setUp()[pri:0, instance:basics.FileDownloadBasics@5ab9e72c]" started-at="2021-11-30T11:46:16Z" name="setUp" finished-at="2021-11-30T11:46:17Z" duration-ms="869" status="PASS">
          <reporter-output>
          </reporter-output>
        </test-method> <!-- setUp -->
        <test-method signature="downloadFileUsingInputStreamTry()[pri:0, instance:basics.FileDownloadBasics@5ab9e72c]" started-at="2021-11-30T11:46:17Z" name="downloadFileUsingInputStreamTry" finished-at="2021-11-30T11:46:18Z" duration-ms="781" status="PASS">
          <reporter-output>
          </reporter-output>
        </test-method> <!-- downloadFileUsingInputStreamTry -->
      </class> <!-- basics.FileDownloadBasics -->
    </test> <!-- Default test -->
  </suite> <!-- Default suite -->
</testng-results>
