<?xml version="1.0" encoding="UTF-8"?>
<testng-results ignored="1" total="2" passed="1" failed="0" skipped="0">
  <reporter-output>
  </reporter-output>
  <suite started-at="2021-12-03T07:23:10Z" name="Default suite" finished-at="2021-12-03T07:23:14Z" duration-ms="3485">
    <groups>
    </groups>
    <test started-at="2021-12-03T07:23:10Z" name="Default test" finished-at="2021-12-03T07:23:14Z" duration-ms="3485">
      <class name="basics.DeleteBasics">
        <test-method is-config="true" signature="setUp()[pri:0, instance:basics.DeleteBasics@50caa560]" started-at="2021-12-03T07:23:10Z" name="setUp" finished-at="2021-12-03T07:23:12Z" duration-ms="1752" status="PASS">
          <reporter-output>
          </reporter-output>
        </test-method> <!-- setUp -->
        <test-method signature="deleteMemberBDD()[pri:0, instance:basics.DeleteBasics@50caa560]" started-at="2021-12-03T07:23:12Z" name="deleteMemberBDD" finished-at="2021-12-03T07:23:14Z" duration-ms="1665" status="PASS">
          <reporter-output>
          </reporter-output>
        </test-method> <!-- deleteMemberBDD -->
      </class> <!-- basics.DeleteBasics -->
    </test> <!-- Default test -->
  </suite> <!-- Default suite -->
</testng-results>
